1 10 20
100 200 125
201 210 89
900 1000 174
234234 423456 449
50988 3 324
3013 9670 262
4349 2394 238
1722 4767 238
2984 9864 262
1160 1488 182
8396 4017 262
3588 5372 238
210 2969 217
3678 5795 238
5379 8256 262
3441 7628 262
2996 7501 262
9206 9431 260
8803 2284 262
795 4980 238
9679 7379 260
469 4242 238
5282 744 238
3919 5727 236
4900 6048 236
39 4515 238
3812 2111 238
4736 1783 238
1442 8520 262
6285 686 262
9688 4327 262
2578 7942 262
4566 8017 262
5930 5155 236
2476 7968 262
2831 8046 262
7277 426 262
2062 2312 183
782 8576 262
8313 2038 262
726 1991 182
5538 3487 238
5792 7255 262
9150 8414 247
9041 8095 247
3304 3113 199
8904 3616 262
2701 5991 238
5822 7129 262
4935 402 238
4003 3276 238
122 5631 238
1518 5805 238
5271 9082 262
6625 4803 262
1589 51 182
4357 9777 262
4216 5694 236
6728 8204 257
7735 2171 262
7141 4070 262
2753 4424 238
461 2008 182
8678 1556 262
659 7112 262
1976 8657 262
4809 2947 238
7402 3801 262
2814 3994 238
2220 8772 262
4988 448 238
3301 3638 194
7535 4860 262
3501 3595 194
5228 378 238
6584 7393 257
994 8942 262
8305 9581 260
4485 3107 238
6945 1616 262
9124 1190 262
9035 364 262
7971 2732 262
7002 2058 262
595 5130 238
4796 6713 262
2845 2272 209
8045 6447 257
8484 6925 257
7491 1420 262
2976 8397 262
1622 1726 180
1065 2609 209
2568 1387 209
4906 9248 262
1734 7401 262
6067 7638 262
5799 9803 262
7209 1086 262
6600 3572 262
2836 6435 262
6164 7630 262
8082 2681 262
2099 7465 262
744 7829 262
2749 9932 262
9036 46 262
9753 4547 262
